<?xml version="1.0" encoding="UTF-8"?>
<testsuite name="Project"
           tests="7"
           failures="0"
           errors="0"
           skipped="0"
           time="0.031">
    <properties></properties>



            <testcase
                name="testLength"
                time="0.002"
                classname="LengthTest">
            </testcase>
            <testcase
                name="testLength"
                time="0.002"
                classname="LengthTest">
            </testcase>
            <testcase
                name="testLength"
                time="0.000"
                classname="LengthTest">
            </testcase>
            <testcase
                name="testLength"
                time="0.001"
                classname="LengthTest">
            </testcase>
            <testcase
                name="testLength"
                time="0.001"
                classname="LengthTest">
            </testcase>
            <testcase
                name="testLength"
                time="0.025"
                classname="LengthTest">
            </testcase>
            <testcase
                name="testLength"
                time="0.000"
                classname="LengthTest">
            </testcase>
</testsuite>
